c:\users\wb.xieyuchao01\desktop\pytest\cppproject\simplechat\simplechat\x64\debug\vc143.pdb
c:\users\wb.xieyuchao01\desktop\pytest\cppproject\simplechat\simplechat\x64\debug\vc143.idb
c:\users\wb.xieyuchao01\desktop\pytest\cppproject\simplechat\simplechat\x64\debug\winmain.obj
c:\users\wb.xieyuchao01\desktop\pytest\cppproject\simplechat\simplechat\x64\debug\textutils.obj
c:\users\wb.xieyuchao01\desktop\pytest\cppproject\simplechat\simplechat\x64\debug\socketmanager.obj
c:\users\wb.xieyuchao01\desktop\pytest\cppproject\simplechat\simplechat\x64\debug\main.obj
c:\users\wb.xieyuchao01\desktop\pytest\cppproject\simplechat\simplechat\x64\debug\config.obj
c:\users\wb.xieyuchao01\desktop\pytest\cppproject\simplechat\simplechat\x64\debug\logutils.obj
c:\users\wb.xieyuchao01\desktop\pytest\cppproject\simplechat\simplechat\x64\debug\applicationinstance.obj
c:\users\wb.xieyuchao01\desktop\pytest\cppproject\simplechat\simplechat\x64\debug\logmanager.obj
c:\users\wb.xieyuchao01\desktop\pytest\cppproject\simplechat\x64\debug\simplechat.exe
c:\users\wb.xieyuchao01\desktop\pytest\cppproject\simplechat\x64\debug\simplechat.pdb
c:\users\wb.xieyuchao01\desktop\pytest\cppproject\simplechat\simplechat\x64\debug\simplechat.ilk
c:\users\wb.xieyuchao01\desktop\pytest\cppproject\simplechat\simplechat\x64\debug\simplechat.tlog\cl.command.1.tlog
c:\users\wb.xieyuchao01\desktop\pytest\cppproject\simplechat\simplechat\x64\debug\simplechat.tlog\cl.items.tlog
c:\users\wb.xieyuchao01\desktop\pytest\cppproject\simplechat\simplechat\x64\debug\simplechat.tlog\cl.read.1.tlog
c:\users\wb.xieyuchao01\desktop\pytest\cppproject\simplechat\simplechat\x64\debug\simplechat.tlog\cl.write.1.tlog
c:\users\wb.xieyuchao01\desktop\pytest\cppproject\simplechat\simplechat\x64\debug\simplechat.tlog\link.command.1.tlog
c:\users\wb.xieyuchao01\desktop\pytest\cppproject\simplechat\simplechat\x64\debug\simplechat.tlog\link.read.1.tlog
c:\users\wb.xieyuchao01\desktop\pytest\cppproject\simplechat\simplechat\x64\debug\simplechat.tlog\link.secondary.1.tlog
c:\users\wb.xieyuchao01\desktop\pytest\cppproject\simplechat\simplechat\x64\debug\simplechat.tlog\link.write.1.tlog
